<?xml version="1.0" encoding="UTF-8"?>
<robot generator="Robot 5.0.1 (Python 3.10.5 on win32)" generated="20221012 15:51:37.939" rpa="false" schemaversion="3">
<suite id="s1" name="Amazon" source="C:\Users\Manoj\PycharmProjects\RobotFrameworkTutoriL\TestSuite\Google\FTC\Amazon.robot">
<test id="s1-t1" name="Verify the Product add cart" line="11">
<kw name="Open Browser" library="SeleniumLibrary">
<arg>${loginURL}</arg>
<arg>${Browser}</arg>
<doc>Opens a new browser instance to the optional ``url``.</doc>
<msg timestamp="20221012 15:51:38.271" level="INFO">Opening browser 'chrome' to base url 'https://www.amazon.in/'.</msg>
<status status="PASS" starttime="20221012 15:51:38.271" endtime="20221012 15:51:59.348"/>
</kw>
<kw name="Maximize Browser Window" library="SeleniumLibrary">
<doc>Maximizes current browser window.</doc>
<status status="PASS" starttime="20221012 15:51:59.349" endtime="20221012 15:51:59.591"/>
</kw>
<kw name="Wait Until Element Is Visible" library="SeleniumLibrary">
<arg>xpath://input[@id='twotabsearchtextbox']</arg>
<doc>Waits until the element ``locator`` is visible.</doc>
<status status="PASS" starttime="20221012 15:51:59.593" endtime="20221012 15:52:00.260"/>
</kw>
<kw name="Input Text" library="SeleniumLibrary">
<arg>//input[@id='twotabsearchtextbox']</arg>
<arg>iphone 14</arg>
<doc>Types the given ``text`` into the text field identified by ``locator``.</doc>
<msg timestamp="20221012 15:52:00.260" level="INFO">Typing text 'iphone 14' into text field '//input[@id='twotabsearchtextbox']'.</msg>
<status status="PASS" starttime="20221012 15:52:00.260" endtime="20221012 15:52:00.505"/>
</kw>
<kw name="Click Element" library="SeleniumLibrary">
<arg>//input[@id='nav-search-submit-button']</arg>
<doc>Click the element identified by ``locator``.</doc>
<msg timestamp="20221012 15:52:00.506" level="INFO">Clicking element '//input[@id='nav-search-submit-button']'.</msg>
<status status="PASS" starttime="20221012 15:52:00.506" endtime="20221012 15:52:04.531"/>
</kw>
<kw name="Sleep" library="BuiltIn">
<arg>2S</arg>
<doc>Pauses the test executed for the given time.</doc>
<msg timestamp="20221012 15:52:06.542" level="INFO">Slept 2 seconds</msg>
<status status="PASS" starttime="20221012 15:52:04.531" endtime="20221012 15:52:06.542"/>
</kw>
<kw name="Click Element" library="SeleniumLibrary">
<arg>xpath:(//img[@class="s-image"])[1]</arg>
<doc>Click the element identified by ``locator``.</doc>
<msg timestamp="20221012 15:52:06.545" level="INFO">Clicking element 'xpath:(//img[@class="s-image"])[1]'.</msg>
<status status="PASS" starttime="20221012 15:52:06.542" endtime="20221012 15:52:06.742"/>
</kw>
<kw name="Switch Window" library="SeleniumLibrary">
<arg>new</arg>
<doc>Switches to browser window matching ``locator``.</doc>
<status status="PASS" starttime="20221012 15:52:06.742" endtime="20221012 15:52:07.106"/>
</kw>
<kw name="Sleep" library="BuiltIn">
<arg>4S</arg>
<doc>Pauses the test executed for the given time.</doc>
<msg timestamp="20221012 15:52:11.111" level="INFO">Slept 4 seconds</msg>
<status status="PASS" starttime="20221012 15:52:07.106" endtime="20221012 15:52:11.111"/>
</kw>
<kw name="Execute Javascript" library="SeleniumLibrary">
<arg>window.scrollTo(0,500)</arg>
<doc>Executes the given JavaScript code with possible arguments.</doc>
<msg timestamp="20221012 15:52:11.116" level="INFO">Executing JavaScript:
window.scrollTo(0,500)
Without any arguments.</msg>
<status status="PASS" starttime="20221012 15:52:11.114" endtime="20221012 15:52:14.383"/>
</kw>
<kw name="Click Image" library="SeleniumLibrary">
<arg>xpath://input[@id='buy-now-button']</arg>
<doc>Clicks an image identified by ``locator``.</doc>
<msg timestamp="20221012 15:52:14.384" level="INFO">Clicking image 'xpath://input[@id='buy-now-button']'.</msg>
<status status="PASS" starttime="20221012 15:52:14.383" endtime="20221012 15:52:19.058"/>
</kw>
<doc>this is to verify the product is getting added to cart</doc>
<tag>Functional</tag>
<status status="PASS" starttime="20221012 15:51:38.268" endtime="20221012 15:52:19.060"/>
</test>
<doc>Basic Amazon addcart</doc>
<status status="PASS" starttime="20221012 15:51:37.940" endtime="20221012 15:52:19.064"/>
</suite>
<statistics>
<total>
<stat pass="1" fail="0" skip="0">All Tests</stat>
</total>
<tag>
<stat pass="1" fail="0" skip="0">Functional</stat>
</tag>
<suite>
<stat pass="1" fail="0" skip="0" id="s1" name="Amazon">Amazon</stat>
</suite>
</statistics>
<errors>
</errors>
</robot>
