<?xml version="1.0" encoding="UTF-8"?>
<robot generator="Robot 5.0.1 (Python 3.10.5 on win32)" generated="20221011 09:43:41.528" rpa="false" schemaversion="3">
<suite id="s1" name="IonePredict" source="C:\Users\Manoj\PycharmProjects\RobotFrameworkTutoriL\TestSuite\Google\FTC\IonePredict.robot">
<test id="s1-t1" name="Verify the Login Functionality" line="15">
<kw name="Open Browser" library="SeleniumLibrary">
<arg>${LoginURL}</arg>
<arg>${Browser}</arg>
<doc>Opens a new browser instance to the optional ``url``.</doc>
<msg timestamp="20221011 09:43:41.990" level="INFO">Opening browser 'chrome' to base url 'https://dev.ionecloud.lntebg.com/layout/dashboard'.</msg>
<msg timestamp="20221011 09:43:58.139" level="WARN">Retrying (Retry(total=2, connect=None, read=None, redirect=None, status=None)) after connection broken by 'NewConnectionError('&lt;urllib3.connection.HTTPConnection object at 0x000001EF7C6A13C0&gt;: Failed to establish a new connection: [WinError 10061] No connection could be made because the target machine actively refused it')': /session/55d33ff2263880d7bf852e2444406a7e/screenshot</msg>
<msg timestamp="20221011 09:44:02.395" level="WARN">Retrying (Retry(total=1, connect=None, read=None, redirect=None, status=None)) after connection broken by 'NewConnectionError('&lt;urllib3.connection.HTTPConnection object at 0x000001EF7C6A1540&gt;: Failed to establish a new connection: [WinError 10061] No connection could be made because the target machine actively refused it')': /session/55d33ff2263880d7bf852e2444406a7e/screenshot</msg>
<msg timestamp="20221011 09:44:06.493" level="WARN">Retrying (Retry(total=0, connect=None, read=None, redirect=None, status=None)) after connection broken by 'NewConnectionError('&lt;urllib3.connection.HTTPConnection object at 0x000001EF7C6A16C0&gt;: Failed to establish a new connection: [WinError 10061] No connection could be made because the target machine actively refused it')': /session/55d33ff2263880d7bf852e2444406a7e/screenshot</msg>
<msg timestamp="20221011 09:44:10.588" level="WARN">Keyword 'Capture Page Screenshot' could not be run on failure: HTTPConnectionPool(host='localhost', port=54224): Max retries exceeded with url: /session/55d33ff2263880d7bf852e2444406a7e/screenshot (Caused by NewConnectionError('&lt;urllib3.connection.HTTPConnection object at 0x000001EF7C6A1810&gt;: Failed to establish a new connection: [WinError 10061] No connection could be made because the target machine actively refused it'))</msg>
<msg timestamp="20221011 09:44:10.592" level="FAIL">ProtocolError: ('Connection aborted.', ConnectionResetError(10054, 'An existing connection was forcibly closed by the remote host', None, 10054, None))</msg>
<status status="FAIL" starttime="20221011 09:43:41.990" endtime="20221011 09:44:10.741"/>
</kw>
<kw name="Input Text" library="SeleniumLibrary">
<arg>//input[@id='inputEmail']</arg>
<arg>21customer@yopmail.com</arg>
<doc>Types the given ``text`` into the text field identified by ``locator``.</doc>
<status status="NOT RUN" starttime="20221011 09:44:10.741" endtime="20221011 09:44:10.741"/>
</kw>
<kw name="Press Keys" library="SeleniumLibrary">
<arg>//input[@id='next_btn']</arg>
<arg>RETURN</arg>
<doc>Simulates the user pressing key(s) to an element or on the active browser.</doc>
<status status="NOT RUN" starttime="20221011 09:44:10.742" endtime="20221011 09:44:10.742"/>
</kw>
<kw name="Wait Until Element Is Visible" library="SeleniumLibrary">
<arg>id:currentPwdId</arg>
<arg>timeout=20</arg>
<doc>Waits until the element ``locator`` is visible.</doc>
<status status="NOT RUN" starttime="20221011 09:44:10.743" endtime="20221011 09:44:10.744"/>
</kw>
<kw name="Input Password" library="SeleniumLibrary">
<arg>${PasswordText}</arg>
<arg>${PASSWORD}</arg>
<doc>Types the given password into the text field identified by ``locator``.</doc>
<status status="NOT RUN" starttime="20221011 09:44:10.744" endtime="20221011 09:44:10.744"/>
</kw>
<kw name="Press Keys" library="SeleniumLibrary">
<arg>//input[@value='Login']</arg>
<arg>RETURN</arg>
<doc>Simulates the user pressing key(s) to an element or on the active browser.</doc>
<status status="NOT RUN" starttime="20221011 09:44:10.745" endtime="20221011 09:44:10.745"/>
</kw>
<kw name="Wait Until Element Is Enabled" library="SeleniumLibrary">
<arg>//input[@value='Continue']</arg>
<arg>timeout=20</arg>
<doc>Waits until the element ``locator`` is enabled.</doc>
<status status="NOT RUN" starttime="20221011 09:44:10.746" endtime="20221011 09:44:10.746"/>
</kw>
<kw name="Press Keys" library="SeleniumLibrary">
<arg>//input[@value='Continue']</arg>
<arg>RETURN</arg>
<doc>Simulates the user pressing key(s) to an element or on the active browser.</doc>
<status status="NOT RUN" starttime="20221011 09:44:10.747" endtime="20221011 09:44:10.747"/>
</kw>
<kw name="Maximize Browser Window" library="SeleniumLibrary">
<doc>Maximizes current browser window.</doc>
<status status="NOT RUN" starttime="20221011 09:44:10.748" endtime="20221011 09:44:10.748"/>
</kw>
<kw name="Wait Until Element Is Enabled" library="SeleniumLibrary">
<arg>//a[normalize-space()='Go']</arg>
<arg>timeout=25</arg>
<doc>Waits until the element ``locator`` is enabled.</doc>
<status status="NOT RUN" starttime="20221011 09:44:10.749" endtime="20221011 09:44:10.750"/>
</kw>
<kw name="Press Keys" library="SeleniumLibrary">
<arg>//a[normalize-space()='Go']</arg>
<arg>RETURN</arg>
<doc>Simulates the user pressing key(s) to an element or on the active browser.</doc>
<status status="NOT RUN" starttime="20221011 09:44:10.750" endtime="20221011 09:44:10.750"/>
</kw>
<kw name="Sleep" library="BuiltIn">
<arg>4s</arg>
<doc>Pauses the test executed for the given time.</doc>
<status status="NOT RUN" starttime="20221011 09:44:10.751" endtime="20221011 09:44:10.751"/>
</kw>
<kw name="Switch Window" library="SeleniumLibrary">
<arg>new</arg>
<doc>Switches to browser window matching ``locator``.</doc>
<status status="NOT RUN" starttime="20221011 09:44:10.752" endtime="20221011 09:44:10.752"/>
</kw>
<kw name="Wait Until Element Is Visible" library="SeleniumLibrary">
<arg>xpath://a[@title='Digital Maintenance Manager']</arg>
<doc>Waits until the element ``locator`` is visible.</doc>
<status status="NOT RUN" starttime="20221011 09:44:10.752" endtime="20221011 09:44:10.752"/>
</kw>
<kw name="Click Link" library="SeleniumLibrary">
<arg>xpath://a[@title='Digital Maintenance Manager']</arg>
<doc>Clicks a link identified by ``locator``.</doc>
<status status="NOT RUN" starttime="20221011 09:44:10.753" endtime="20221011 09:44:10.753"/>
</kw>
<kw name="Sleep" library="BuiltIn">
<arg>10s</arg>
<doc>Pauses the test executed for the given time.</doc>
<status status="NOT RUN" starttime="20221011 09:44:10.754" endtime="20221011 09:44:10.754"/>
</kw>
<kw name="Wait Until Element Is Visible" library="SeleniumLibrary">
<arg>xpath://a[normalize-space()='Permit To Work']</arg>
<doc>Waits until the element ``locator`` is visible.</doc>
<status status="NOT RUN" starttime="20221011 09:44:10.755" endtime="20221011 09:44:10.755"/>
</kw>
<kw name="Click Link" library="SeleniumLibrary">
<arg>xpath://a[normalize-space()='Permit To Work']</arg>
<doc>Clicks a link identified by ``locator``.</doc>
<status status="NOT RUN" starttime="20221011 09:44:10.756" endtime="20221011 09:44:10.756"/>
</kw>
<kw name="Sleep" library="BuiltIn">
<arg>30s</arg>
<doc>Pauses the test executed for the given time.</doc>
<status status="NOT RUN" starttime="20221011 09:44:10.757" endtime="20221011 09:44:10.757"/>
</kw>
<kw name="Wait Until Element Is Visible" library="SeleniumLibrary">
<arg>xpath://button[normalize-space()='Create New']</arg>
<doc>Waits until the element ``locator`` is visible.</doc>
<status status="NOT RUN" starttime="20221011 09:44:10.757" endtime="20221011 09:44:10.758"/>
</kw>
<kw name="Click Button" library="SeleniumLibrary">
<arg>xpath://button[normalize-space()='Create New']</arg>
<doc>Clicks the button identified by ``locator``.</doc>
<status status="NOT RUN" starttime="20221011 09:44:10.759" endtime="20221011 09:44:10.759"/>
</kw>
<kw name="Mouse Over" library="SeleniumLibrary">
<arg>${xpath}</arg>
<doc>Simulates hovering the mouse over the element ``locator``.</doc>
<status status="NOT RUN" starttime="20221011 09:44:10.760" endtime="20221011 09:44:10.760"/>
</kw>
<kw name="Page Should Contain Element" library="SeleniumLibrary">
<arg>xpath://select[@placeholder='Select Work Type']</arg>
<arg>15s</arg>
<doc>Verifies that element ``locator`` is found on the current page.</doc>
<status status="NOT RUN" starttime="20221011 09:44:10.761" endtime="20221011 09:44:10.761"/>
</kw>
<kw name="Click Element" library="SeleniumLibrary">
<arg>${User_Menu Link}</arg>
<doc>Click the element identified by ``locator``.</doc>
<status status="NOT RUN" starttime="20221011 09:44:10.762" endtime="20221011 09:44:10.762"/>
</kw>
<kw name="Select From List">
<arg>xpath://select[@placeholder='Select Work Type']</arg>
<arg>Planned Maintenance</arg>
<status status="NOT RUN" starttime="20221011 09:44:10.769" endtime="20221011 09:44:10.769"/>
</kw>
<doc>This is to verify the basic login functionailty</doc>
<tag>Functional</tag>
<status status="FAIL" starttime="20221011 09:43:41.990" endtime="20221011 09:44:10.772">ProtocolError: ('Connection aborted.', ConnectionResetError(10054, 'An existing connection was forcibly closed by the remote host', None, 10054, None))</status>
</test>
<doc>Basic Login Functionality</doc>
<status status="FAIL" starttime="20221011 09:43:41.540" endtime="20221011 09:44:10.775"/>
</suite>
<statistics>
<total>
<stat pass="0" fail="1" skip="0">All Tests</stat>
</total>
<tag>
<stat pass="0" fail="1" skip="0">Functional</stat>
</tag>
<suite>
<stat pass="0" fail="1" skip="0" id="s1" name="IonePredict">IonePredict</stat>
</suite>
</statistics>
<errors>
<msg timestamp="20221011 09:43:58.139" level="WARN">Retrying (Retry(total=2, connect=None, read=None, redirect=None, status=None)) after connection broken by 'NewConnectionError('&lt;urllib3.connection.HTTPConnection object at 0x000001EF7C6A13C0&gt;: Failed to establish a new connection: [WinError 10061] No connection could be made because the target machine actively refused it')': /session/55d33ff2263880d7bf852e2444406a7e/screenshot</msg>
<msg timestamp="20221011 09:44:02.395" level="WARN">Retrying (Retry(total=1, connect=None, read=None, redirect=None, status=None)) after connection broken by 'NewConnectionError('&lt;urllib3.connection.HTTPConnection object at 0x000001EF7C6A1540&gt;: Failed to establish a new connection: [WinError 10061] No connection could be made because the target machine actively refused it')': /session/55d33ff2263880d7bf852e2444406a7e/screenshot</msg>
<msg timestamp="20221011 09:44:06.493" level="WARN">Retrying (Retry(total=0, connect=None, read=None, redirect=None, status=None)) after connection broken by 'NewConnectionError('&lt;urllib3.connection.HTTPConnection object at 0x000001EF7C6A16C0&gt;: Failed to establish a new connection: [WinError 10061] No connection could be made because the target machine actively refused it')': /session/55d33ff2263880d7bf852e2444406a7e/screenshot</msg>
<msg timestamp="20221011 09:44:10.588" level="WARN">Keyword 'Capture Page Screenshot' could not be run on failure: HTTPConnectionPool(host='localhost', port=54224): Max retries exceeded with url: /session/55d33ff2263880d7bf852e2444406a7e/screenshot (Caused by NewConnectionError('&lt;urllib3.connection.HTTPConnection object at 0x000001EF7C6A1810&gt;: Failed to establish a new connection: [WinError 10061] No connection could be made because the target machine actively refused it'))</msg>
</errors>
</robot>
